[17-Oct-2013 11:47:39 UTC] SGL_Task_GetLoadedModules: ok
[17-Oct-2013 11:47:39 UTC] SGL_Task_GetPhpEnv: ok
[17-Oct-2013 11:47:39 UTC] SGL_Task_GetPhpIniValues: ok
[17-Oct-2013 11:47:39 UTC] SGL_Task_GetFilesystemInfo: ok
[17-Oct-2013 11:47:39 UTC] SGL_Task_GetPearInfo: ok
[17-Oct-2013 11:47:40 UTC] SGL_Task_GetLoadedModules: ok
[17-Oct-2013 11:47:40 UTC] SGL_Task_GetPhpEnv: ok
[17-Oct-2013 11:47:40 UTC] SGL_Task_GetPhpIniValues: ok
[17-Oct-2013 11:47:40 UTC] SGL_Task_GetFilesystemInfo: ok
[17-Oct-2013 11:47:40 UTC] SGL_Task_GetPearInfo: ok
[17-Oct-2013 11:54:43 UTC] SGL_Task_SetTimeout: ok
[17-Oct-2013 11:54:43 UTC] SGL_Task_CreateConfig: ok
[17-Oct-2013 11:54:43 UTC] SGL_Task_LoadCustomConfig: ok
[17-Oct-2013 11:54:43 UTC] SGL_Task_DefineTableAliases: ok
[17-Oct-2013 11:54:43 UTC] SGL_Task_DisableForeignKeyChecks: ok
[17-Oct-2013 11:54:43 UTC] SGL_Task_PrepareInstallationProgressTable: ok
[17-Oct-2013 11:54:43 UTC] SGL_Task_DropTables: ok
[17-Oct-2013 11:54:43 UTC] SGL_Task_CreateTables: ok
[17-Oct-2013 11:54:43 UTC] SGL_Task_LoadTranslations: ok
[17-Oct-2013 11:54:43 UTC] SGL_Task_LoadDefaultData: ok
[17-Oct-2013 11:54:43 UTC] SGL_Task_LoadSampleData: ok
[17-Oct-2013 11:54:43 UTC] SGL_Task_LoadCustomData: ok
[17-Oct-2013 11:54:45 UTC] SGL_Task_SyncSequences: ok
[17-Oct-2013 11:54:45 UTC] SGL_Task_BuildNavigation: ok
[17-Oct-2013 11:54:45 UTC] SGL_Task_LoadBlockData: ok
[17-Oct-2013 11:54:45 UTC] SGL_Task_CreateConstraints: ok
[17-Oct-2013 11:54:46 UTC] SGL_Task_SyncSequences: ok
[17-Oct-2013 11:54:46 UTC] SGL_Task_EnableForeignKeyChecks: ok
[17-Oct-2013 11:54:46 UTC] SGL_Task_VerifyDbSetup: ok
[17-Oct-2013 11:54:46 UTC] SGL_Task_CreateFileSystem: ok
[17-Oct-2013 11:54:46 UTC] SGL_Task_CreateDataObjectEntities: ok
[17-Oct-2013 11:54:46 UTC] SGL_Task_CreateDataObjectLinkFile: ok
[17-Oct-2013 11:54:46 UTC] SGL_Task_UnLinkWwwData: ok
[17-Oct-2013 11:54:46 UTC] SGL_Task_SymLinkWwwData: ok
[17-Oct-2013 11:54:46 UTC] SGL_Task_AddTestDataToConfig: ok
[17-Oct-2013 11:54:46 UTC] SGL_Task_CreateAdminUser: ok
[17-Oct-2013 11:54:47 UTC] SGL_Task_InstallerCleanup: ok
